Flutter crash report; please file at https://github.com/flutter/flutter/issues.

## command

flutter build bundle --target D:\Cardiff Met\RunUp\runup\lib\main.dart --target-platform android-arm --filesystem-scheme org-dartlang-root --track-widget-creation --depfile D:\Cardiff Met\RunUp\runup\build\app\intermediates\flutter\debug\android-arm/snapshot_blob.bin.d --asset-dir D:\Cardiff Met\RunUp\runup\build\app\intermediates\flutter\debug\android-arm/flutter_assets --debug

## exception

NoSuchMethodError: NoSuchMethodError: The getter 'length' was called on null.
Receiver: null
Tried calling: length

```
#0      Object.noSuchMethod (dart:core-patch/object_patch.dart:51:5)
#1      _Uri._uriEncode (dart:core-patch/uri_patch.dart:44:23)
#2      Uri.encodeFull (dart:core/uri.dart:1148:17)
#3      MappedListIterable.elementAt (dart:_internal/iterable.dart:415:29)
#4      MappedListIterable.elementAt (dart:_internal/iterable.dart:415:40)
#5      ListIterable.toList (dart:_internal/iterable.dart:219:19)
#6      FlutterManifest.assets (package:flutter_tools/src/flutter_manifest.dart:187:11)
#7      _parseAssets (package:flutter_tools/src/asset.dart:557:40)
#8      _ManifestAssetBundle.build (package:flutter_tools/src/asset.dart:143:53)
<asynchronous suspension>
#9      buildAssets (package:flutter_tools/src/bundle.dart:137:40)
<asynchronous suspension>
#10     BundleBuilder.build (package:flutter_tools/src/bundle.dart:106:38)
<asynchronous suspension>
#11     BuildBundleCommand.runCommand (package:flutter_tools/src/commands/build_bundle.dart:119:25)
<asynchronous suspension>
#12     FlutterCommand.verifyThenRunCommand (package:flutter_tools/src/runner/flutter_command.dart:490:18)
<asynchronous suspension>
#13     FlutterCommand.run.<anonymous closure> (package:flutter_tools/src/runner/flutter_command.dart:407:33)
<asynchronous suspension>
#14     AppContext.run.<anonymous closure> (package:flutter_tools/src/base/context.dart:154:29)
<asynchronous suspension>
#15     _rootRun (dart:async/zone.dart:1124:13)
#16     _CustomZone.run (dart:async/zone.dart:1021:19)
#17     _runZoned (dart:async/zone.dart:1516:10)
#18     runZoned (dart:async/zone.dart:1463:12)
#19     AppContext.run (package:flutter_tools/src/base/context.dart:153:18)
<asynchronous suspension>
#20     FlutterCommand.run (package:flutter_tools/src/runner/flutter_command.dart:397:20)
#21     CommandRunner.runCommand (package:args/command_runner.dart:197:27)
<asynchronous suspension>
#22     FlutterCommandRunner.runCommand.<anonymous closure> (package:flutter_tools/src/runner/flutter_command_runner.dart:402:21)
<asynchronous suspension>
#23     AppContext.run.<anonymous closure> (package:flutter_tools/src/base/context.dart:154:29)
<asynchronous suspension>
#24     _rootRun (dart:async/zone.dart:1124:13)
#25     _CustomZone.run (dart:async/zone.dart:1021:19)
#26     _runZoned (dart:async/zone.dart:1516:10)
#27     runZoned (dart:async/zone.dart:1463:12)
#28     AppContext.run (package:flutter_tools/src/base/context.dart:153:18)
<asynchronous suspension>
#29     FlutterCommandRunner.runCommand (package:flutter_tools/src/runner/flutter_command_runner.dart:356:19)
<asynchronous suspension>
#30     CommandRunner.run.<anonymous closure> (package:args/command_runner.dart:112:25)
#31     new Future.sync (dart:async/future.dart:224:31)
#32     CommandRunner.run (package:args/command_runner.dart:112:14)
#33     FlutterCommandRunner.run (package:flutter_tools/src/runner/flutter_command_runner.dart:242:18)
#34     run.<anonymous closure>.<anonymous closure> (package:flutter_tools/runner.dart:63:22)
<asynchronous suspension>
#35     _rootRun (dart:async/zone.dart:1124:13)
#36     _CustomZone.run (dart:async/zone.dart:1021:19)
#37     _runZoned (dart:async/zone.dart:1516:10)
#38     runZoned (dart:async/zone.dart:1500:12)
#39     run.<anonymous closure> (package:flutter_tools/runner.dart:61:18)
<asynchronous suspension>
#40     AppContext.run.<anonymous closure> (package:flutter_tools/src/base/context.dart:154:29)
<asynchronous suspension>
#41     _rootRun (dart:async/zone.dart:1124:13)
#42     _CustomZone.run (dart:async/zone.dart:1021:19)
#43     _runZoned (dart:async/zone.dart:1516:10)
#44     runZoned (dart:async/zone.dart:1463:12)
#45     AppContext.run (package:flutter_tools/src/base/context.dart:153:18)
<asynchronous suspension>
#46     runInContext (package:flutter_tools/src/context_runner.dart:59:24)
<asynchronous suspension>
#47     run (package:flutter_tools/runner.dart:50:10)
#48     main (package:flutter_tools/executable.dart:65:9)
<asynchronous suspension>
#49     main (file:///C:/flutter/packages/flutter_tools/bin/flutter_tools.dart:8:3)
#50     _startIsolate.<anonymous closure> (dart:isolate-patch/isolate_patch.dart:303:32)
#51     _RawReceivePortImpl._handleMessage (dart:isolate-patch/isolate_patch.dart:172:12)
```

## flutter doctor

```
[✓] Flutter (Channel stable, v1.9.1+hotfix.6, on Microsoft Windows [Version 10.0.18363.476], locale en-GB)
    • Flutter version 1.9.1+hotfix.6 at C:\flutter
    • Framework revision 68587a0916 (3 months ago), 2019-09-13 19:46:58 -0700
    • Engine revision b863200c37
    • Dart version 2.5.0

[✓] Android toolchain - develop for Android devices (Android SDK version 29.0.2)
    • Android SDK at C:\Users\ahmed\AppData\Local\Android\sdk
    • Android NDK location not configured (optional; useful for native profiling support)
    • Platform android-29, build-tools 29.0.2
    • Java binary at: C:\Program Files\Android\Android Studio\jre\bin\java
    • Java version OpenJDK Runtime Environment (build 1.8.0_202-release-1483-b03)
    • All Android licenses accepted.

[✓] Android Studio (version 3.5)
    • Android Studio at C:\Program Files\Android\Android Studio
    • Flutter plugin version 42.0.1
    • Dart plugin version 191.8593
    • Java version OpenJDK Runtime Environment (build 1.8.0_202-release-1483-b03)

[✓] IntelliJ IDEA Ultimate Edition (version 2018.3)
    • IntelliJ at C:\Users\ahmed\AppData\Local\JetBrains\Toolbox\apps\IDEA-U\ch-0\183.5912.21
    • Flutter plugin version 39.0.1
    • Dart plugin version 183.6270

[✓] Connected device (1 available)
    • SM J320FN • 420074bde0417400 • android-arm • Android 5.1.1 (API 22)

• No issues found!
```
